
Running 34 tests using 4 workers

  ✓   2 [chromium] › tests/regression.spec.ts:6:7 › Regression UI Tests › REG-001 [REG]: Search product returns matching results (20.7s)
  ✓   1 [chromium] › tests/negative.spec.ts:4:7 › Negative/Validation Tests › NEG-001 [NEG]: Invalid login shows error message (20.9s)
  ✓   4 [chromium] › tests/smoke.spec.ts:4:7 › Smoke UI Tests › SMK-001 [SMOKE]: Home page opens successfully (21.0s)
  ✓   7 [chromium] › tests/smoke.spec.ts:10:7 › Smoke UI Tests › SMK-002 [SMOKE]: Header navigation is visible (5.8s)
  ✓   5 [chromium] › tests/regression.spec.ts:15:7 › Regression UI Tests › REG-002 [REG]: Product details page shows essential fields (6.1s)
  ✓   6 [chromium] › tests/negative.spec.ts:13:7 › Negative/Validation Tests › NEG-002 [NEG]: Contact form blocks submit when required fields are empty (5.9s)
  ✓   8 [chromium] › tests/smoke.spec.ts:18:7 › Smoke UI Tests › SMK-003 [SMOKE]: Products page is reachable (4.6s)
  ✓  10 [chromium] › tests/negative.spec.ts:24:7 › Negative/Validation Tests › NEG-003 [NEG]: Subscription field rejects invalid email format (4.6s)
  ✓   9 [chromium] › tests/regression.spec.ts:24:7 › Regression UI Tests › REG-003 [REG]: Add product to cart from details page (5.0s)
  ✓  11 [chromium] › tests/smoke.spec.ts:24:7 › Smoke UI Tests › SMK-004 [SMOKE]: Contact Us page is reachable (4.7s)
  ✓  12 [chromium] › tests/negative.spec.ts:36:7 › Negative/Validation Tests › NEG-004 [NEG]: Login form requires email (5.6s)
  ✓  13 [chromium] › tests/regression.spec.ts:35:7 › Regression UI Tests › REG-004 [REG]: Footer subscription works on home page (5.5s)
  ✓   3 [firefox] › tests/negative.spec.ts:4:7 › Negative/Validation Tests › NEG-001 [NEG]: Invalid login shows error message (20.7s)
  ✓  14 [chromium] › tests/smoke.spec.ts:30:7 › Smoke UI Tests › SMK-005 [SMOKE]: Cart page is reachable (6.2s)
  ✓  15 [chromium] › tests/regression.spec.ts:45:7 › Regression UI Tests › REG-005 [REG]: Test Cases page loads test case list (5.7s)
  ✓  16 [firefox] › tests/negative.spec.ts:13:7 › Negative/Validation Tests › NEG-002 [NEG]: Contact form blocks submit when required fields are empty (7.3s)
  ✓  17 [chromium] › tests/smoke.spec.ts:36:7 › Smoke UI Tests › SMK-006 [SMOKE]: Login page is reachable (2.4s)
  ✓  18 [chromium] › tests/regression.spec.ts:53:7 › Regression UI Tests › REG-006 [REG]: Remove product from cart (5.7s)
  ✓  20 [firefox] › tests/negative.spec.ts:24:7 › Negative/Validation Tests › NEG-003 [NEG]: Subscription field rejects invalid email format (5.4s)
  ✓  22 [chromium] › tests/regression.spec.ts:63:7 › Regression UI Tests › REG-007 [REG]: API Testing page opens from header (4.2s)
  ✓  23 [firefox] › tests/negative.spec.ts:36:7 › Negative/Validation Tests › NEG-004 [NEG]: Login form requires email (4.1s)
  ✓  19 [firefox] › tests/regression.spec.ts:6:7 › Regression UI Tests › REG-001 [REG]: Search product returns matching results (7.8s)
  ✓  24 [firefox] › tests/regression.spec.ts:15:7 › Regression UI Tests › REG-002 [REG]: Product details page shows essential fields (4.0s)
  ✓  21 [firefox] › tests/smoke.spec.ts:4:7 › Smoke UI Tests › SMK-001 [SMOKE]: Home page opens successfully (10.8s)
  ✓  25 [firefox] › tests/regression.spec.ts:24:7 › Regression UI Tests › REG-003 [REG]: Add product to cart from details page (4.3s)
  ✓  26 [firefox] › tests/smoke.spec.ts:10:7 › Smoke UI Tests › SMK-002 [SMOKE]: Header navigation is visible (3.8s)
  ✓  27 [firefox] › tests/regression.spec.ts:35:7 › Regression UI Tests › REG-004 [REG]: Footer subscription works on home page (3.1s)
  ✓  28 [firefox] › tests/smoke.spec.ts:18:7 › Smoke UI Tests › SMK-003 [SMOKE]: Products page is reachable (2.8s)
  ✓  29 [firefox] › tests/regression.spec.ts:45:7 › Regression UI Tests › REG-005 [REG]: Test Cases page loads test case list (2.7s)
  ✓  30 [firefox] › tests/smoke.spec.ts:24:7 › Smoke UI Tests › SMK-004 [SMOKE]: Contact Us page is reachable (5.1s)
  ✓  31 [firefox] › tests/regression.spec.ts:53:7 › Regression UI Tests › REG-006 [REG]: Remove product from cart (6.2s)
  ✓  32 [firefox] › tests/smoke.spec.ts:30:7 › Smoke UI Tests › SMK-005 [SMOKE]: Cart page is reachable (3.1s)
  ✓  34 [firefox] › tests/smoke.spec.ts:36:7 › Smoke UI Tests › SMK-006 [SMOKE]: Login page is reachable (6.5s)
  ✓  33 [firefox] › tests/regression.spec.ts:63:7 › Regression UI Tests › REG-007 [REG]: API Testing page opens from header (8.5s)

  34 passed (1.6m)
